2021-11-05 00:03:04,174 INFO PERFORMANCE:|4|4|-1|-1

2021-11-05 00:08:04,221 INFO PERFORMANCE:|4|4|-1|-1

2021-11-05 00:13:04,234 INFO PERFORMANCE:|4|4|-1|-1

2021-11-05 00:18:04,245 INFO PERFORMANCE:|4|4|-1|-1

2021-11-05 00:23:04,128 INFO PERFORMANCE:|4|4|-1|-1

2021-11-05 00:28:04,134 INFO PERFORMANCE:|4|4|-1|-1

2021-11-05 00:33:04,136 INFO PERFORMANCE:|4|4|-1|-1

2021-11-05 06:06:57,975 INFO PERFORMANCE:|4|4|-1|-1

2021-11-05 08:36:47,591 INFO PERFORMANCE:|4|4|-1|-1

2021-11-05 08:41:47,587 INFO PERFORMANCE:|4|4|-1|-1

2021-11-05 08:46:47,585 INFO PERFORMANCE:|4|4|-1|-1

2021-11-05 08:51:47,695 INFO PERFORMANCE:|4|4|-1|-1

2021-11-05 08:56:47,701 INFO PERFORMANCE:|4|4|-1|-1

2021-11-05 09:01:47,707 INFO PERFORMANCE:|4|4|-1|-1

2021-11-05 09:06:47,803 INFO PERFORMANCE:|4|4|-1|-1

2021-11-05 09:11:47,814 INFO PERFORMANCE:|4|4|-1|-1

2021-11-05 09:16:47,825 INFO PERFORMANCE:|4|4|-1|-1

2021-11-05 09:21:47,734 INFO PERFORMANCE:|4|4|-1|-1

2021-11-05 09:26:47,739 INFO PERFORMANCE:|4|4|-1|-1

2021-11-05 09:31:47,740 INFO PERFORMANCE:|4|4|-1|-1

2021-11-05 09:36:47,745 INFO PERFORMANCE:|4|4|-1|-1

2021-11-05 09:41:47,748 INFO PERFORMANCE:|4|4|-1|-1

2021-11-05 09:46:47,751 INFO PERFORMANCE:|4|4|-1|-1

2021-11-05 09:51:47,755 INFO PERFORMANCE:|4|4|-1|-1

2021-11-05 09:56:47,722 INFO PERFORMANCE:|4|4|-1|-1

2021-11-05 10:01:47,720 INFO PERFORMANCE:|4|4|-1|-1

2021-11-05 10:06:47,722 INFO PERFORMANCE:|4|4|-1|-1

2021-11-05 10:11:47,723 INFO PERFORMANCE:|4|4|-1|-1

2021-11-05 10:16:47,726 INFO PERFORMANCE:|4|4|-1|-1

2021-11-05 10:21:47,734 INFO PERFORMANCE:|4|4|-1|-1

2021-11-05 10:26:47,736 INFO PERFORMANCE:|4|4|-1|-1

2021-11-05 10:31:47,741 INFO PERFORMANCE:|4|4|-1|-1

2021-11-05 10:36:47,745 INFO PERFORMANCE:|4|4|-1|-1

2021-11-05 10:41:47,729 INFO PERFORMANCE:|4|4|-1|-1

2021-11-05 10:46:47,729 INFO PERFORMANCE:|5|5|-1|-1

2021-11-05 10:51:47,732 INFO PERFORMANCE:|5|5|-1|-1

2021-11-05 10:56:47,793 INFO PERFORMANCE:|5|5|-1|-1

2021-11-05 11:13:00,105 INFO PERFORMANCE:|5|4|-1|-1

2021-11-05 11:18:00,093 INFO PERFORMANCE:|5|6|-1|-1

2021-11-05 11:23:00,079 INFO PERFORMANCE:|5|6|-1|-1

2021-11-05 11:56:46,202 INFO PERFORMANCE:|5|7|-1|-1

2021-11-05 12:07:20,498 INFO PERFORMANCE:|5|7|-1|-1

2021-11-05 12:21:26,211 INFO PERFORMANCE:|5|7|-1|-1

2021-11-05 12:26:26,223 INFO PERFORMANCE:|5|7|-1|-1

2021-11-05 12:32:30,282 INFO PERFORMANCE:|5|7|-1|-1

2021-11-05 12:39:48,133 INFO PERFORMANCE:|5|7|-1|-1

2021-11-05 13:04:27,776 INFO PERFORMANCE:|5|6|-1|-1

2021-11-05 13:09:27,736 INFO PERFORMANCE:|4|6|-1|-1

2021-11-05 13:14:27,742 INFO PERFORMANCE:|4|6|-1|-1

2021-11-05 13:19:27,752 INFO PERFORMANCE:|4|6|-1|-1

2021-11-05 13:24:27,758 INFO PERFORMANCE:|4|6|-1|-1

2021-11-05 13:29:27,767 INFO PERFORMANCE:|4|6|-1|-1

2021-11-05 13:34:27,775 INFO PERFORMANCE:|4|6|-1|-1

2021-11-05 13:39:27,825 INFO PERFORMANCE:|4|6|-1|-1

2021-11-05 14:14:25,091 INFO PERFORMANCE:|4|6|-1|-1

2021-11-05 14:19:25,093 INFO PERFORMANCE:|4|6|-1|-1

2021-11-05 14:24:25,155 INFO PERFORMANCE:|4|6|-1|-1

2021-11-05 14:29:25,161 INFO PERFORMANCE:|4|6|-1|-1

2021-11-05 14:34:25,162 INFO PERFORMANCE:|4|6|-1|-1

2021-11-05 14:39:25,168 INFO PERFORMANCE:|4|6|-1|-1

2021-11-05 14:44:25,118 INFO PERFORMANCE:|4|6|-1|-1

2021-11-05 14:49:25,121 INFO PERFORMANCE:|4|6|-1|-1

2021-11-05 14:54:25,121 INFO PERFORMANCE:|4|6|-1|-1

2021-11-05 14:59:25,121 INFO PERFORMANCE:|4|6|-1|-1

2021-11-05 15:04:25,121 INFO PERFORMANCE:|4|6|-1|-1

2021-11-05 15:09:25,119 INFO PERFORMANCE:|4|6|-1|-1

2021-11-05 15:14:25,222 INFO PERFORMANCE:|4|6|-1|-1

2021-11-05 15:19:25,229 INFO PERFORMANCE:|4|6|-1|-1

2021-11-05 15:24:25,239 INFO PERFORMANCE:|4|6|-1|-1

2021-11-05 15:29:25,247 INFO PERFORMANCE:|4|6|-1|-1

2021-11-05 15:34:25,254 INFO PERFORMANCE:|4|6|-1|-1

2021-11-05 15:39:25,258 INFO PERFORMANCE:|4|6|-1|-1

2021-11-05 15:44:25,309 INFO PERFORMANCE:|4|6|-1|-1

2021-11-05 15:49:25,317 INFO PERFORMANCE:|4|6|-1|-1

2021-11-05 15:54:25,333 INFO PERFORMANCE:|4|6|-1|-1

2021-11-05 16:56:50,040 INFO PERFORMANCE:|4|6|-1|-1

2021-11-05 17:01:50,044 INFO PERFORMANCE:|4|6|-1|-1

